#
# There is insufficient memory for the Java Runtime Environment to continue.
# Native memory allocation (malloc) failed to allocate 32784 bytes for Chunk::new
# Possible reasons:
#   The system is out of physical RAM or swap space
#   The process is running with CompressedOops enabled, and the Java Heap may be blocking the growth of the native heap
# Possible solutions:
#   Reduce memory load on the system
#   Increase physical memory or swap space
#   Check if swap backing store is full
#   Decrease Java heap size (-Xmx/-Xms)
#   Decrease number of Java threads
#   Decrease Java thread stack sizes (-Xss)
#   Set larger code cache with -XX:ReservedCodeCacheSize=
#   JVM is running with Zero Based Compressed Oops mode in which the Java heap is
#     placed in the first 32GB address space. The Java Heap base address is the
#     maximum limit for the native heap growth. Please use -XX:HeapBaseMinAddress
#     to set the Java Heap base and to place the Java Heap above 32GB virtual address.
# This output file may be truncated or incomplete.
#
#  Out of Memory Error (allocation.cpp:389), pid=7616, tid=0x0000000000000194
#
# JRE version: Java(TM) SE Runtime Environment (8.0_351-b10) (build 1.8.0_351-b10)
# Java VM: Java HotSpot(TM) 64-Bit Server VM (25.351-b10 mixed mode windows-amd64 compressed oops)
# Failed to write core dump. Minidumps are not enabled by default on client versions of Windows
#

---------------  T H R E A D  ---------------

Current thread (0x000001f99db59800):  JavaThread "C2 CompilerThread6" daemon [_thread_in_native, id=404, stack(0x000000cefd600000,0x000000cefd700000)]

Stack: [0x000000cefd600000,0x000000cefd700000]
Native frames: (J=compiled Java code, j=interpreted, Vv=VM code, C=native code)
V  [jvm.dll+0x3300b9]
V  [jvm.dll+0x276632]
V  [jvm.dll+0x2772dd]
V  [jvm.dll+0x26dc85]
V  [jvm.dll+0xd584c]
V  [jvm.dll+0xd604c]
V  [jvm.dll+0xd5b9d]
V  [jvm.dll+0x4c7f1f]
V  [jvm.dll+0x44873b]
V  [jvm.dll+0x4ddfd9]
V  [jvm.dll+0x441321]
V  [jvm.dll+0x42c27b]
V  [jvm.dll+0xac69b]
V  [jvm.dll+0xaacfb]
V  [jvm.dll+0x23ec62]
V  [jvm.dll+0x29330c]
C  [ucrtbase.dll+0x29333]
C  [KERNEL32.DLL+0x1259d]
C  [ntdll.dll+0x5af38]


Current CompileTask:
C2:  63487 1376       4       org.gradle.internal.logging.text.AbstractLineChoppingStyledTextOutput::doAppend (43 bytes)


---------------  P R O C E S S  ---------------

Java Threads: ( => current thread )
  0x000001f99eaeb000 JavaThread "Forward input" [_thread_blocked, id=11896, stack(0x000000cefe100000,0x000000cefe200000)]
  0x000001f99eaea000 JavaThread "DisconnectableInputStream source reader" daemon [_thread_in_native, id=24780, stack(0x000000cefe000000,0x000000cefe100000)]
  0x000001f99e7ef800 JavaThread "pool-1-thread-1" [_thread_blocked, id=22164, stack(0x000000cefde00000,0x000000cefdf00000)]
  0x000001f99dc18000 JavaThread "Service Thread" daemon [_thread_blocked, id=7832, stack(0x000000cefdc00000,0x000000cefdd00000)]
  0x000001f99db54000 JavaThread "C1 CompilerThread11" daemon [_thread_blocked, id=6728, stack(0x000000cefdb00000,0x000000cefdc00000)]
  0x000001f99db56800 JavaThread "C1 CompilerThread10" daemon [_thread_blocked, id=24152, stack(0x000000cefda00000,0x000000cefdb00000)]
  0x000001f99db53800 JavaThread "C1 CompilerThread9" daemon [_thread_blocked, id=2296, stack(0x000000cefd900000,0x000000cefda00000)]
  0x000001f99db52800 JavaThread "C1 CompilerThread8" daemon [_thread_blocked, id=18816, stack(0x000000cefd800000,0x000000cefd900000)]
  0x000001f99db55800 JavaThread "C2 CompilerThread7" daemon [_thread_blocked, id=15924, stack(0x000000cefd700000,0x000000cefd800000)]
=>0x000001f99db59800 JavaThread "C2 CompilerThread6" daemon [_thread_in_native, id=404, stack(0x000000cefd600000,0x000000cefd700000)]
  0x000001f99db55000 JavaThread "C2 CompilerThread5" daemon [_thread_blocked, id=9032, stack(0x000000cefd500000,0x000000cefd600000)]
  0x000001f99db58000 JavaThread "C2 CompilerThread4" daemon [_thread_blocked, id=19256, stack(0x000000cefd400000,0x000000cefd500000)]
  0x000001f99db58800 JavaThread "C2 CompilerThread3" daemon [_thread_blocked, id=22156, stack(0x000000cefd300000,0x000000cefd400000)]
  0x000001f99db57000 JavaThread "C2 CompilerThread2" daemon [_thread_blocked, id=3280, stack(0x000000cefd200000,0x000000cefd300000)]
  0x000001f99db51000 JavaThread "C2 CompilerThread1" daemon [_thread_blocked, id=20124, stack(0x000000cefd100000,0x000000cefd200000)]
  0x000001f99daf8000 JavaThread "C2 CompilerThread0" daemon [_thread_blocked, id=21976, stack(0x000000cefd000000,0x000000cefd100000)]
  0x000001f99daf7000 JavaThread "Attach Listener" daemon [_thread_blocked, id=13636, stack(0x000000cefcf00000,0x000000cefd000000)]
  0x000001f99db4c000 JavaThread "Signal Dispatcher" daemon [_thread_blocked, id=4340, stack(0x000000cefce00000,0x000000cefcf00000)]
  0x000001f99dac6000 JavaThread "Finalizer" daemon [_thread_blocked, id=14960, stack(0x000000cefcd00000,0x000000cefce00000)]
  0x000001f99aded800 JavaThread "Reference Handler" daemon [_thread_blocked, id=11848, stack(0x000000cefcc00000,0x000000cefcd00000)]
  0x000001f98027a800 JavaThread "main" [_thread_in_native, id=21108, stack(0x000000cefbd00000,0x000000cefbe00000)]

Other Threads:
  0x000001f99adc6000 VMThread [stack: 0x000000cefcb00000,0x000000cefcc00000] [id=23240]
  0x000001f99dc86800 WatcherThread [stack: 0x000000cefdd00000,0x000000cefde00000] [id=24672]

VM state:not at safepoint (normal execution)

VM Mutex/Monitor currently owned by a thread: None

heap address: 0x00000006c4e00000, size: 4018 MB, Compressed Oops mode: Zero based, Oop shift amount: 3
Narrow klass base: 0x0000000000000000, Narrow klass shift: 3
Compressed class space size: 1073741824 Address: 0x00000007c0000000

Heap:
 PSYoungGen      total 75264K, used 47751K [0x000000076c500000, 0x0000000771900000, 0x00000007c0000000)
  eden space 64512K, 74% used [0x000000076c500000,0x000000076f3a1f38,0x0000000770400000)
  from space 10752K, 0% used [0x0000000770e80000,0x0000000770e80000,0x0000000771900000)
  to   space 10752K, 0% used [0x0000000770400000,0x0000000770400000,0x0000000770e80000)
 ParOldGen       total 172032K, used 0K [0x00000006c4e00000, 0x00000006cf600000, 0x000000076c500000)
  object space 172032K, 0% used [0x00000006c4e00000,0x00000006c4e00000,0x00000006cf600000)
 Metaspace       used 11377K, capacity 11624K, committed 11904K, reserved 1058816K
  class space    used 1496K, capacity 1599K, committed 1664K, reserved 1048576K

Card table byte_map: [0x000001f991060000,0x000001f991840000] byte_map_base: 0x000001f98da39000

Marking Bits: (ParMarkBitMap*) 0x00000000722f8fd0
 Begin Bits: [0x000001f991d80000, 0x000001f995c48000)
 End Bits:   [0x000001f995c48000, 0x000001f999b10000)

Polling page: 0x000001f980420000

CodeCache: size=245760Kb used=6038Kb max_used=6038Kb free=239722Kb
 bounds [0x000001f981ca0000, 0x000001f982290000, 0x000001f990ca0000]
 total_blobs=1740 nmethods=1374 adapters=275
 compilation: enabled

Compilation events (10 events):
Event: 63.473 Thread 0x000001f99db54000 nmethod 1369 0x000001f9822839d0 code [0x000001f982283b60, 0x000001f982283fc0]
Event: 63.473 Thread 0x000001f99db54000 1373       3       org.gradle.internal.logging.console.DefaultTextArea$2$1::<init> (10 bytes)
Event: 63.473 Thread 0x000001f99db52800 nmethod 1371 0x000001f982284190 code [0x000001f982284380, 0x000001f982284cb0]
Event: 63.473 Thread 0x000001f99db52800 1374       3       org.gradle.internal.logging.console.DefaultColorMap$1::on (1 bytes)
Event: 63.473 Thread 0x000001f99db52800 nmethod 1374 0x000001f982285290 code [0x000001f9822853e0, 0x000001f982285538]
Event: 63.473 Thread 0x000001f99db52800 1375       3       org.gradle.internal.logging.console.DefaultColorMap$1::off (1 bytes)
Event: 63.473 Thread 0x000001f99db54000 nmethod 1373 0x000001f9822855d0 code [0x000001f982285720, 0x000001f9822858f8]
Event: 63.473 Thread 0x000001f99db52800 nmethod 1375 0x000001f9822859d0 code [0x000001f982285b20, 0x000001f982285c78]
Event: 63.473 Thread 0x000001f99db53800 nmethod 1372 0x000001f982285d10 code [0x000001f982285f20, 0x000001f982286950]
Event: 63.474 Thread 0x000001f99db59800 1376       4       org.gradle.internal.logging.text.AbstractLineChoppingStyledTextOutput::doAppend (43 bytes)

GC Heap History (0 events):
No events

Deoptimization events (9 events):
Event: 0.156 Thread 0x000001f98027a800 Uncommon trap: reason=unstable_if action=reinterpret pc=0x000001f981fc72b4 method=java.lang.String.startsWith(Ljava/lang/String;I)Z @ 25
Event: 0.233 Thread 0x000001f98027a800 Uncommon trap: reason=unstable_if action=reinterpret pc=0x000001f981fe2548 method=java.net.URI.match(CJJ)Z @ 19
Event: 0.317 Thread 0x000001f98027a800 Uncommon trap: reason=unstable_if action=reinterpret pc=0x000001f9820b0a8c method=java.util.HashMap.hash(Ljava/lang/Object;)I @ 1
Event: 0.341 Thread 0x000001f98027a800 Uncommon trap: reason=unstable_if action=reinterpret pc=0x000001f9820aa004 method=java.util.HashMap.getNode(ILjava/lang/Object;)Ljava/util/HashMap$Node; @ 129
Event: 7.778 Thread 0x000001f99e7ef800 Uncommon trap: reason=unstable_if action=reinterpret pc=0x000001f98216e2f8 method=java.io.PrintStream.write(I)V @ 19
Event: 11.084 Thread 0x000001f99e7ef800 Uncommon trap: reason=unstable_if action=reinterpret pc=0x000001f982189ee0 method=java.io.BufferedOutputStream.write(I)V @ 9
Event: 14.986 Thread 0x000001f99e7ef800 Uncommon trap: reason=unstable_if action=reinterpret pc=0x000001f9821a1768 method=org.gradle.internal.logging.text.AbstractLineChoppingStyledTextOutput$2.execute(Lorg/gradle/internal/logging/text/AbstractLineChoppingStyledTextOutput$StateContext;)V @ 30
Event: 14.986 Thread 0x000001f99e7ef800 Uncommon trap: reason=unstable_if action=reinterpret pc=0x000001f9821a2210 method=org.gradle.internal.logging.text.AbstractLineChoppingStyledTextOutput$2.execute(Lorg/gradle/internal/logging/text/AbstractLineChoppingStyledTextOutput$StateContext;)V @ 30
Event: 14.987 Thread 0x000001f99e7ef800 Uncommon trap: reason=unstable_if action=reinterpret pc=0x000001f98219db70 method=org.gradle.internal.logging.text.AbstractLineChoppingStyledTextOutput$2.execute(Lorg/gradle/internal/logging/text/AbstractLineChoppingStyledTextOutput$StateContext;)V @ 30

Classes redefined (0 events):
No events

Internal exceptions (8 events):
Event: 0.023 Thread 0x000001f98027a800 Exception <a 'java/lang/NoSuchMethodError': Method sun.misc.Unsafe.defineClass(Ljava/lang/String;[BII)Ljava/lang/Class; name or signature does not match> (0x000000076c507ce0) thrown at [C:\jenkins\workspace\8-2-build-windows-x64-cygwin\jdk8u351\2908\hotsp
Event: 0.024 Thread 0x000001f98027a800 Exception <a 'java/lang/NoSuchMethodError': Method sun.misc.Unsafe.prefetchRead(Ljava/lang/Object;J)V name or signature does not match> (0x000000076c507fc8) thrown at [C:\jenkins\workspace\8-2-build-windows-x64-cygwin\jdk8u351\2908\hotspot\src\share\vm\pr
Event: 0.074 Thread 0x000001f98027a800 Exception <a 'java/security/PrivilegedActionException'> (0x000000076c7ca900) thrown at [C:\jenkins\workspace\8-2-build-windows-x64-cygwin\jdk8u351\2908\hotspot\src\share\vm\prims\jvm.cpp, line 1513]
Event: 0.074 Thread 0x000001f98027a800 Exception <a 'java/security/PrivilegedActionException'> (0x000000076c7cab10) thrown at [C:\jenkins\workspace\8-2-build-windows-x64-cygwin\jdk8u351\2908\hotspot\src\share\vm\prims\jvm.cpp, line 1513]
Event: 0.292 Thread 0x000001f98027a800 Exception <a 'java/lang/NoSuchFieldError': method resolution failed> (0x000000076e154d18) thrown at [C:\jenkins\workspace\8-2-build-windows-x64-cygwin\jdk8u351\2908\hotspot\src\share\vm\prims\methodHandles.cpp, line 1188]
Event: 0.293 Thread 0x000001f98027a800 Exception <a 'java/lang/NoSuchFieldError': method resolution failed> (0x000000076e1623d8) thrown at [C:\jenkins\workspace\8-2-build-windows-x64-cygwin\jdk8u351\2908\hotspot\src\share\vm\prims\methodHandles.cpp, line 1188]
Event: 0.317 Thread 0x000001f98027a800 Implicit null exception at 0x000001f9820b0855 to 0x000001f9820b0a7d
Event: 0.330 Thread 0x000001f98027a800 Exception <a 'java/lang/NoClassDefFoundError': org/slf4j/impl/StaticMarkerBinder> (0x000000076e5d3938) thrown at [C:\jenkins\workspace\8-2-build-windows-x64-cygwin\jdk8u351\2908\hotspot\src\share\vm\classfile\systemDictionary.cpp, line 201]

Events (10 events):
Event: 14.986 Thread 0x000001f99e7ef800 Uncommon trap: trap_request=0xffffff65 fr.pc=0x000001f9821a2210
Event: 14.986 Thread 0x000001f99e7ef800 DEOPT PACKING pc=0x000001f9821a2210 sp=0x000000cefdefe4a0
Event: 14.986 Thread 0x000001f99e7ef800 DEOPT UNPACKING pc=0x000001f981ce58c3 sp=0x000000cefdefe398 mode 2
Event: 14.987 Thread 0x000001f99e7ef800 Uncommon trap: trap_request=0xffffff65 fr.pc=0x000001f98219db70
Event: 14.987 Thread 0x000001f99e7ef800 DEOPT PACKING pc=0x000001f98219db70 sp=0x000000cefdefe730
Event: 14.987 Thread 0x000001f99e7ef800 DEOPT UNPACKING pc=0x000001f981ce58c3 sp=0x000000cefdefe6d8 mode 2
Event: 48.086 Thread 0x000001f99e7ef800 DEOPT PACKING pc=0x000001f9821a6e75 sp=0x000000cefdefe380
Event: 48.086 Thread 0x000001f99e7ef800 DEOPT UNPACKING pc=0x000001f981ce7918 sp=0x000000cefdefe238 mode 0
Event: 52.182 Thread 0x000001f99e7ef800 DEOPT PACKING pc=0x000001f9821abce5 sp=0x000000cefdefe9c0
Event: 52.182 Thread 0x000001f99e7ef800 DEOPT UNPACKING pc=0x000001f981ce7918 sp=0x000000cefdefe6f8 mode 0


Dynamic libraries:
0x00007ff7b8e70000 - 0x00007ff7b8eb7000 	C:\Program Files\Java\jdk1.8.0_351\bin\java.exe
0x00007ffd3c730000 - 0x00007ffd3c947000 	C:\Windows\SYSTEM32\ntdll.dll
0x00007ffd3c4b0000 - 0x00007ffd3c574000 	C:\Windows\System32\KERNEL32.DLL
0x00007ffd39be0000 - 0x00007ffd39f9a000 	C:\Windows\System32\KERNELBASE.dll
0x00007ffd3c3e0000 - 0x00007ffd3c492000 	C:\Windows\System32\ADVAPI32.dll
0x00007ffd3c100000 - 0x00007ffd3c1a7000 	C:\Windows\System32\msvcrt.dll
0x00007ffd3b920000 - 0x00007ffd3b9c7000 	C:\Windows\System32\sechost.dll
0x00007ffd3a0f0000 - 0x00007ffd3a118000 	C:\Windows\System32\bcrypt.dll
0x00007ffd3aef0000 - 0x00007ffd3b004000 	C:\Windows\System32\RPCRT4.dll
0x00007ffd3b230000 - 0x00007ffd3b3de000 	C:\Windows\System32\USER32.dll
0x00007ffd3a0c0000 - 0x00007ffd3a0e6000 	C:\Windows\System32\win32u.dll
0x00007ffd3bb70000 - 0x00007ffd3bb99000 	C:\Windows\System32\GDI32.dll
0x00007ffd39fa0000 - 0x00007ffd3a0bb000 	C:\Windows\System32\gdi32full.dll
0x00007ffd3a390000 - 0x00007ffd3a42a000 	C:\Windows\System32\msvcp_win.dll
0x00007ffd39ac0000 - 0x00007ffd39bd1000 	C:\Windows\System32\ucrtbase.dll
0x00007ffd260a0000 - 0x00007ffd26332000 	C:\Windows\WinSxS\amd64_microsoft.windows.common-controls_6595b64144ccf1df_6.0.22621.4541_none_2710d1c57384c085\COMCTL32.dll
0x00007ffd3c3a0000 - 0x00007ffd3c3d1000 	C:\Windows\System32\IMM32.DLL
0x00007ffd2f8d0000 - 0x00007ffd2f8e5000 	C:\Program Files\Java\jdk1.8.0_351\jre\bin\vcruntime140.dll
0x00007ffd0dcb0000 - 0x00007ffd0dd4b000 	C:\Program Files\Java\jdk1.8.0_351\jre\bin\msvcp140.dll
0x0000000071b10000 - 0x0000000072371000 	C:\Program Files\Java\jdk1.8.0_351\jre\bin\server\jvm.dll
0x00007ffd3acb0000 - 0x00007ffd3acb8000 	C:\Windows\System32\PSAPI.DLL
0x00007ffd2df10000 - 0x00007ffd2df1a000 	C:\Windows\SYSTEM32\VERSION.dll
0x00007ffd0fbe0000 - 0x00007ffd0fbe9000 	C:\Windows\SYSTEM32\WSOCK32.dll
0x00007ffd2fa40000 - 0x00007ffd2fa74000 	C:\Windows\SYSTEM32\WINMM.dll
0x00007ffd3acc0000 - 0x00007ffd3ad31000 	C:\Windows\System32\WS2_32.dll
0x00007ffd38b30000 - 0x00007ffd38b48000 	C:\Windows\SYSTEM32\kernel.appcore.dll
0x00007ffd2f8c0000 - 0x00007ffd2f8d0000 	C:\Program Files\Java\jdk1.8.0_351\jre\bin\verify.dll
0x00007ffd2f840000 - 0x00007ffd2f86b000 	C:\Program Files\Java\jdk1.8.0_351\jre\bin\java.dll
0x00007ffd1ea10000 - 0x00007ffd1ea28000 	C:\Program Files\Java\jdk1.8.0_351\jre\bin\zip.dll
0x00007ffd3a430000 - 0x00007ffd3aca8000 	C:\Windows\System32\SHELL32.dll
0x00007ffd37950000 - 0x00007ffd38258000 	C:\Windows\SYSTEM32\windows.storage.dll
0x00007ffd3b430000 - 0x00007ffd3b7bf000 	C:\Windows\System32\combase.dll
0x00007ffd37810000 - 0x00007ffd3794f000 	C:\Windows\SYSTEM32\wintypes.dll
0x00007ffd3ba00000 - 0x00007ffd3bafa000 	C:\Windows\System32\SHCORE.dll
0x00007ffd3c1b0000 - 0x00007ffd3c20e000 	C:\Windows\System32\shlwapi.dll
0x00007ffd39930000 - 0x00007ffd3995b000 	C:\Windows\SYSTEM32\profapi.dll
0x00007ffd1e9f0000 - 0x00007ffd1ea0c000 	C:\Program Files\Java\jdk1.8.0_351\jre\bin\net.dll
0x00007ffd38fb0000 - 0x00007ffd39019000 	C:\Windows\system32\mswsock.dll
0x00007ffd1d600000 - 0x00007ffd1d613000 	C:\Program Files\Java\jdk1.8.0_351\jre\bin\nio.dll
0x00007ffd1d5e0000 - 0x00007ffd1d5fe000 	C:\Users\Dell\.gradle\native\25\windows-amd64\native-platform.dll
0x00007ffd31ce0000 - 0x00007ffd31cea000 	C:\Users\Dell\.gradle\native\jansi\1.14\windows64\jansi.dll
0x00007ffd1d5d0000 - 0x00007ffd1d5dd000 	C:\Program Files\Java\jdk1.8.0_351\jre\bin\management.dll
0x00007ffd39200000 - 0x00007ffd3921b000 	C:\Windows\SYSTEM32\CRYPTSP.dll
0x00007ffd38a90000 - 0x00007ffd38ac5000 	C:\Windows\system32\rsaenh.dll
0x00007ffd390a0000 - 0x00007ffd390c8000 	C:\Windows\SYSTEM32\USERENV.dll
0x00007ffd3a290000 - 0x00007ffd3a30b000 	C:\Windows\System32\bcryptprimitives.dll
0x00007ffd39220000 - 0x00007ffd3922c000 	C:\Windows\SYSTEM32\CRYPTBASE.dll
0x00007ffd38530000 - 0x00007ffd3855d000 	C:\Windows\SYSTEM32\IPHLPAPI.DLL
0x00007ffd3b9d0000 - 0x00007ffd3b9d9000 	C:\Windows\System32\NSI.dll
0x00007ffd30dd0000 - 0x00007ffd30de9000 	C:\Windows\SYSTEM32\dhcpcsvc6.DLL
0x00007ffd30db0000 - 0x00007ffd30dcf000 	C:\Windows\SYSTEM32\dhcpcsvc.DLL
0x00007ffd385a0000 - 0x00007ffd386a2000 	C:\Windows\SYSTEM32\DNSAPI.dll
0x00007ffd37330000 - 0x00007ffd37562000 	C:\Windows\SYSTEM32\dbghelp.dll
0x00007ffd3c020000 - 0x00007ffd3c0f7000 	C:\Windows\System32\OLEAUT32.dll

VM Arguments:
jvm_args: -Dorg.gradle.appname=gradlew 
java_command: org.gradle.wrapper.GradleWrapperMain runClient
java_class_path (initial): D:\Minecraft Mod Research\ParkourTerminal\forge-1.8.9-11.15.1.2318-1.8.9-mdk\\gradle\wrapper\gradle-wrapper.jar
Launcher Type: SUN_STANDARD

Environment Variables:
JAVA_HOME=C:\Program Files\Java\jdk1.8.0_351
CLASSPATH=D:\Minecraft Mod Research\ParkourTerminal\forge-1.8.9-11.15.1.2318-1.8.9-mdk\\gradle\wrapper\gradle-wrapper.jar
PATH=D:\anaconda3;D:\anaconda3\Library\mingw-w64\bin;D:\anaconda3\Library\usr\bin;D:\anaconda3\Library\bin;D:\anaconda3\Scripts;D:\anaconda3\bin;D:\anaconda3\condabin;D:\gurobi\win64\bin;D:\VMWare\bin;C:\Program Files\Common Files\Oracle\Java\javapath;C:\Program Files (x86)\Common Files\Oracle\Java\javapath;C:\Windows\system32;C:\Windows;C:\Windows\System32\Wbem;C:\Windows\System32\WindowsPowerShell\v1.0;C:\Windows\System32\OpenSSH;C:\Program Files\dotnet;C:\Program Files\NVIDIA Corporation\NVIDIA NvDLISR;C:\Program Files\Wolfram Research\WolframScript;C:\Program Files (x86)\NVIDIA Corporation\PhysX\Common;D:\matlab\runtime\win64;D:\matlab\bin;D:\matlab\polyspace\bin;C:\Strawberry\c\bin;C:\Strawberry\perl\site\bin;C:\Strawberry\perl\bin;D:\Qt\5.9.9\mingw53_32\bin;D:\Qt\5.9.9\msvc2017_64\bin;D:\Windows Kits\10\Windows Performance Toolkit;%QUARTUS_ROOTDIR%\bin;D:\texlive\2023\bin\windows;C:\Program Files\CMake\bin;D:\Git\cmd;D:\nodejs;C:\Users\Dell\.cargo\bin;C:\Users\Dell\AppData\Local\Microsoft\WindowsApps;C:\Program Files\Java\jdk1.8.0_351\bin;C:\Program Files\Java\jdk1.8.0_351\jre\bin;D:\Microsoft VS Code\bin;D:\Pycharm\PyCharm 2021.1\bin;.;D:\Qt\5.9.9\mingw53_32\bin;C:\Users\Dell\.dotnet\tools;D:\MySql\bin;D:\Qt\Tools\mingw530_32\bin;D:\Flutter\flutter\bin;C:\Users\Dell\AppData\Roaming\npm;D:\Pycharm\PyCharm Community Edition 2024.1.4\bin;D:\anaconda3;D:\anaconda3\Scripts;D:\anaconda3\Library\bin;D:\anaconda3\Library\mingw-w64\bin;D:\Idea\IntelliJ IDEA Community Edition 2024.1.4\bin
USERNAME=Dell
OS=Windows_NT
PROCESSOR_IDENTIFIER=Intel64 Family 6 Model 154 Stepping 3, GenuineIntel



---------------  S Y S T E M  ---------------

OS: Windows 11 , 64 bit Build 22621 (10.0.22621.4391)

CPU:total 16 (initial active 16) (8 cores per cpu, 2 threads per core) family 6 model 154 stepping 3, cmov, cx8, fxsr, mmx, sse, sse2, sse3, ssse3, sse4.1, sse4.2, popcnt, avx, avx2, aes, clmul, erms, 3dnowpref, lzcnt, ht, tsc, tscinvbit, bmi1, bmi2, adx

Memory: 4k page, physical 16454388k(470380k free), swap 34093092k(1028k free)

vm_info: Java HotSpot(TM) 64-Bit Server VM (25.351-b10) for windows-amd64 JRE (1.8.0_351-b10), built on Sep 15 2022 02:58:06 by "java_re" with MS VC++ 15.9 (VS2017)

time: Mon Feb 10 23:33:19 2025
timezone: Intel64 Family 6 Model 154 Stepping 3, GenuineIntel
elapsed time: 63.491669 seconds (0d 0h 1m 3s)

